The files belonging to this database system will be owned by user "tomz".
This user must also own the server process.

The database cluster will be initialized with locale "en_US.UTF-8".
The default database encoding has accordingly been set to "UTF8".
The default text search configuration will be set to "english".

Data page checksums are disabled.

creating directory /home/tomz/Almec/Flask_start/template1/flask-app/data/postgresqlite/pgdata ... ok
creating subdirectories ... ok
selecting dynamic shared memory implementation ... posix
selecting default max_connections ... 100
selecting default shared_buffers ... 128MB
selecting default time zone ... Europe/Amsterdam
creating configuration files ... ok
running bootstrap script ... ok
performing post-bootstrap initialization ... ok
syncing data to disk ... ok

initdb: warning: enabling "trust" authentication for local connections
You can change this by editing pg_hba.conf or using the option -A, or
--auth-local and --auth-host, the next time you run initdb.

Success. You can now start the database server using:

    /home/tomz/.cache/postgresqlite/14.3/bin/pg_ctl -D /home/tomz/Almec/Flask_start/template1/flask-app/data/postgresqlite/pgdata -l logfile start

PostgreSQL daemon is starting..
2023-10-24 13:10:22.135 CEST [30199] LOG:  starting PostgreSQL 14.3 on x86_64-pc-linux-gnu, compiled by gcc (GCC) 12.1.0, 64-bit
2023-10-24 13:10:22.136 CEST [30199] LOG:  listening on IPv6 address "::1", port 56745
2023-10-24 13:10:22.136 CEST [30199] LOG:  listening on IPv4 address "127.0.0.1", port 56745
2023-10-24 13:10:22.141 CEST [30199] LOG:  listening on Unix socket "/tmp/postgresqlite-HzjQbcGM/.s.PGSQL.56745"
2023-10-24 13:10:22.152 CEST [30201] LOG:  database system was shut down at 2023-10-24 13:10:21 CEST
2023-10-24 13:10:22.160 CEST [30199] LOG:  database system is ready to accept connections
PostgreSQLite now has 1 client(s)
PostgreSQLite now has 2 client(s)
